  moc AutoAdjust.h
  moc LearnFeature.h
  AutoAdjust.cpp
  LearnFeature.cpp
  MatchThread.cpp
  main.cpp
d:\project\cpluscode\adjust_feature_match\adjust_feature_match\third\include\genicam\system.h : warning C4819: 该文件包含不能在当前代码页(936)中表示的字符。请将该文件保存为 Unicode 格式以防止数据丢失 (编译源文件 main.cpp)
d:\project\cpluscode\adjust_feature_match\adjust_feature_match\third\include\genicam\camera.h : warning C4819: 该文件包含不能在当前代码页(936)中表示的字符。请将该文件保存为 Unicode 格式以防止数据丢失 (编译源文件 main.cpp)
d:\project\cpluscode\adjust_feature_match\adjust_feature_match\third\include\genicam\frame.h : warning C4819: 该文件包含不能在当前代码页(936)中表示的字符。请将该文件保存为 Unicode 格式以防止数据丢失 (编译源文件 main.cpp)
d:\project\cpluscode\adjust_feature_match\adjust_feature_match\third\include\genicam\system.h : warning C4819: 该文件包含不能在当前代码页(936)中表示的字符。请将该文件保存为 Unicode 格式以防止数据丢失 (编译源文件 AutoAdjust.cpp)
d:\project\cpluscode\adjust_feature_match\adjust_feature_match\third\include\genicam\camera.h : warning C4819: 该文件包含不能在当前代码页(936)中表示的字符。请将该文件保存为 Unicode 格式以防止数据丢失 (编译源文件 AutoAdjust.cpp)
d:\project\cpluscode\adjust_feature_match\adjust_feature_match\third\include\genicam\frame.h : warning C4819: 该文件包含不能在当前代码页(936)中表示的字符。请将该文件保存为 Unicode 格式以防止数据丢失 (编译源文件 AutoAdjust.cpp)
d:\project\cpluscode\adjust_feature_match\adjust_feature_match\third\include\genicam\pixeltype.h : warning C4819: 该文件包含不能在当前代码页(936)中表示的字符。请将该文件保存为 Unicode 格式以防止数据丢失 (编译源文件 main.cpp)
d:\project\cpluscode\adjust_feature_match\adjust_feature_match\third\include\genicam\streamsource.h : warning C4819: 该文件包含不能在当前代码页(936)中表示的字符。请将该文件保存为 Unicode 格式以防止数据丢失 (编译源文件 main.cpp)
d:\project\cpluscode\adjust_feature_match\adjust_feature_match\third\include\genicam\parameternode.h : warning C4819: 该文件包含不能在当前代码页(936)中表示的字符。请将该文件保存为 Unicode 格式以防止数据丢失 (编译源文件 main.cpp)
d:\project\cpluscode\adjust_feature_match\adjust_feature_match\third\include\genicam\acquisitioncontrol.h : warning C4819: 该文件包含不能在当前代码页(936)中表示的字符。请将该文件保存为 Unicode 格式以防止数据丢失 (编译源文件 main.cpp)
d:\project\cpluscode\adjust_feature_match\adjust_feature_match\third\include\genicam\analogcontrol.h : warning C4819: 该文件包含不能在当前代码页(936)中表示的字符。请将该文件保存为 Unicode 格式以防止数据丢失 (编译源文件 main.cpp)
d:\project\cpluscode\adjust_feature_match\adjust_feature_match\third\include\genicam\imageformatcontrol.h : warning C4819: 该文件包含不能在当前代码页(936)中表示的字符。请将该文件保存为 Unicode 格式以防止数据丢失 (编译源文件 main.cpp)
d:\project\cpluscode\adjust_feature_match\adjust_feature_match\third\include\genicam\ispcontrol.h : warning C4819: 该文件包含不能在当前代码页(936)中表示的字符。请将该文件保存为 Unicode 格式以防止数据丢失 (编译源文件 main.cpp)
d:\project\cpluscode\adjust_feature_match\adjust_feature_match\third\include\genicam\usersetcontrol.h : warning C4819: 该文件包含不能在当前代码页(936)中表示的字符。请将该文件保存为 Unicode 格式以防止数据丢失 (编译源文件 main.cpp)
d:\project\cpluscode\adjust_feature_match\adjust_feature_match\third\include\genicam\devicecontrol.h : warning C4819: 该文件包含不能在当前代码页(936)中表示的字符。请将该文件保存为 Unicode 格式以防止数据丢失 (编译源文件 main.cpp)
d:\project\cpluscode\adjust_feature_match\adjust_feature_match\third\include\genicam\transportlayercontrol.h : warning C4819: 该文件包含不能在当前代码页(936)中表示的字符。请将该文件保存为 Unicode 格式以防止数据丢失 (编译源文件 main.cpp)
d:\project\cpluscode\adjust_feature_match\adjust_feature_match\third\include\genicam\digitaliocontrol.h : warning C4819: 该文件包含不能在当前代码页(936)中表示的字符。请将该文件保存为 Unicode 格式以防止数据丢失 (编译源文件 main.cpp)
d:\project\cpluscode\adjust_feature_match\adjust_feature_match\third\include\genicam\eventsubscribe.h : warning C4819: 该文件包含不能在当前代码页(936)中表示的字符。请将该文件保存为 Unicode 格式以防止数据丢失 (编译源文件 main.cpp)
d:\project\cpluscode\adjust_feature_match\adjust_feature_match\third\include\genicam\pixeltype.h : warning C4819: 该文件包含不能在当前代码页(936)中表示的字符。请将该文件保存为 Unicode 格式以防止数据丢失 (编译源文件 AutoAdjust.cpp)
d:\project\cpluscode\adjust_feature_match\adjust_feature_match\third\include\genicam\streamsource.h : warning C4819: 该文件包含不能在当前代码页(936)中表示的字符。请将该文件保存为 Unicode 格式以防止数据丢失 (编译源文件 AutoAdjust.cpp)
d:\project\cpluscode\adjust_feature_match\adjust_feature_match\third\include\genicam\parameternode.h : warning C4819: 该文件包含不能在当前代码页(936)中表示的字符。请将该文件保存为 Unicode 格式以防止数据丢失 (编译源文件 AutoAdjust.cpp)
d:\project\cpluscode\adjust_feature_match\adjust_feature_match\third\include\genicam\acquisitioncontrol.h : warning C4819: 该文件包含不能在当前代码页(936)中表示的字符。请将该文件保存为 Unicode 格式以防止数据丢失 (编译源文件 AutoAdjust.cpp)
d:\project\cpluscode\adjust_feature_match\adjust_feature_match\third\include\genicam\analogcontrol.h : warning C4819: 该文件包含不能在当前代码页(936)中表示的字符。请将该文件保存为 Unicode 格式以防止数据丢失 (编译源文件 AutoAdjust.cpp)
d:\project\cpluscode\adjust_feature_match\adjust_feature_match\third\include\genicam\imageformatcontrol.h : warning C4819: 该文件包含不能在当前代码页(936)中表示的字符。请将该文件保存为 Unicode 格式以防止数据丢失 (编译源文件 AutoAdjust.cpp)
d:\project\cpluscode\adjust_feature_match\adjust_feature_match\third\include\genicam\ispcontrol.h : warning C4819: 该文件包含不能在当前代码页(936)中表示的字符。请将该文件保存为 Unicode 格式以防止数据丢失 (编译源文件 AutoAdjust.cpp)
d:\project\cpluscode\adjust_feature_match\adjust_feature_match\third\include\genicam\usersetcontrol.h : warning C4819: 该文件包含不能在当前代码页(936)中表示的字符。请将该文件保存为 Unicode 格式以防止数据丢失 (编译源文件 AutoAdjust.cpp)
d:\project\cpluscode\adjust_feature_match\adjust_feature_match\third\include\genicam\devicecontrol.h : warning C4819: 该文件包含不能在当前代码页(936)中表示的字符。请将该文件保存为 Unicode 格式以防止数据丢失 (编译源文件 AutoAdjust.cpp)
d:\project\cpluscode\adjust_feature_match\adjust_feature_match\third\include\genicam\transportlayercontrol.h : warning C4819: 该文件包含不能在当前代码页(936)中表示的字符。请将该文件保存为 Unicode 格式以防止数据丢失 (编译源文件 AutoAdjust.cpp)
d:\project\cpluscode\adjust_feature_match\adjust_feature_match\third\include\genicam\digitaliocontrol.h : warning C4819: 该文件包含不能在当前代码页(936)中表示的字符。请将该文件保存为 Unicode 格式以防止数据丢失 (编译源文件 AutoAdjust.cpp)
d:\project\cpluscode\adjust_feature_match\adjust_feature_match\third\include\genicam\eventsubscribe.h : warning C4819: 该文件包含不能在当前代码页(936)中表示的字符。请将该文件保存为 Unicode 格式以防止数据丢失 (编译源文件 AutoAdjust.cpp)
d:\project\cpluscode\adjust_feature_match\adjust_feature_match\autoadjust.cpp(171): warning C4715: “<lambda_7e6e3b8139d3e474f55230e71f0e8538>::operator()”: 不是所有的控件路径都返回值
  moc_AutoAdjust.cpp
  moc_LearnFeature.cpp
  moc_MatchThread.cpp
d:\project\cpluscode\adjust_feature_match\adjust_feature_match\third\include\genicam\system.h : warning C4819: 该文件包含不能在当前代码页(936)中表示的字符。请将该文件保存为 Unicode 格式以防止数据丢失 (编译源文件 x64\Debug\\moc\moc_AutoAdjust.cpp)
d:\project\cpluscode\adjust_feature_match\adjust_feature_match\third\include\genicam\camera.h : warning C4819: 该文件包含不能在当前代码页(936)中表示的字符。请将该文件保存为 Unicode 格式以防止数据丢失 (编译源文件 x64\Debug\\moc\moc_AutoAdjust.cpp)
d:\project\cpluscode\adjust_feature_match\adjust_feature_match\third\include\genicam\frame.h : warning C4819: 该文件包含不能在当前代码页(936)中表示的字符。请将该文件保存为 Unicode 格式以防止数据丢失 (编译源文件 x64\Debug\\moc\moc_AutoAdjust.cpp)
d:\project\cpluscode\adjust_feature_match\adjust_feature_match\third\include\genicam\pixeltype.h : warning C4819: 该文件包含不能在当前代码页(936)中表示的字符。请将该文件保存为 Unicode 格式以防止数据丢失 (编译源文件 x64\Debug\\moc\moc_AutoAdjust.cpp)
d:\project\cpluscode\adjust_feature_match\adjust_feature_match\third\include\genicam\streamsource.h : warning C4819: 该文件包含不能在当前代码页(936)中表示的字符。请将该文件保存为 Unicode 格式以防止数据丢失 (编译源文件 x64\Debug\\moc\moc_AutoAdjust.cpp)
d:\project\cpluscode\adjust_feature_match\adjust_feature_match\third\include\genicam\parameternode.h : warning C4819: 该文件包含不能在当前代码页(936)中表示的字符。请将该文件保存为 Unicode 格式以防止数据丢失 (编译源文件 x64\Debug\\moc\moc_AutoAdjust.cpp)
d:\project\cpluscode\adjust_feature_match\adjust_feature_match\third\include\genicam\acquisitioncontrol.h : warning C4819: 该文件包含不能在当前代码页(936)中表示的字符。请将该文件保存为 Unicode 格式以防止数据丢失 (编译源文件 x64\Debug\\moc\moc_AutoAdjust.cpp)
d:\project\cpluscode\adjust_feature_match\adjust_feature_match\third\include\genicam\analogcontrol.h : warning C4819: 该文件包含不能在当前代码页(936)中表示的字符。请将该文件保存为 Unicode 格式以防止数据丢失 (编译源文件 x64\Debug\\moc\moc_AutoAdjust.cpp)
d:\project\cpluscode\adjust_feature_match\adjust_feature_match\third\include\genicam\imageformatcontrol.h : warning C4819: 该文件包含不能在当前代码页(936)中表示的字符。请将该文件保存为 Unicode 格式以防止数据丢失 (编译源文件 x64\Debug\\moc\moc_AutoAdjust.cpp)
d:\project\cpluscode\adjust_feature_match\adjust_feature_match\third\include\genicam\ispcontrol.h : warning C4819: 该文件包含不能在当前代码页(936)中表示的字符。请将该文件保存为 Unicode 格式以防止数据丢失 (编译源文件 x64\Debug\\moc\moc_AutoAdjust.cpp)
d:\project\cpluscode\adjust_feature_match\adjust_feature_match\third\include\genicam\usersetcontrol.h : warning C4819: 该文件包含不能在当前代码页(936)中表示的字符。请将该文件保存为 Unicode 格式以防止数据丢失 (编译源文件 x64\Debug\\moc\moc_AutoAdjust.cpp)
d:\project\cpluscode\adjust_feature_match\adjust_feature_match\third\include\genicam\devicecontrol.h : warning C4819: 该文件包含不能在当前代码页(936)中表示的字符。请将该文件保存为 Unicode 格式以防止数据丢失 (编译源文件 x64\Debug\\moc\moc_AutoAdjust.cpp)
d:\project\cpluscode\adjust_feature_match\adjust_feature_match\third\include\genicam\transportlayercontrol.h : warning C4819: 该文件包含不能在当前代码页(936)中表示的字符。请将该文件保存为 Unicode 格式以防止数据丢失 (编译源文件 x64\Debug\\moc\moc_AutoAdjust.cpp)
d:\project\cpluscode\adjust_feature_match\adjust_feature_match\third\include\genicam\digitaliocontrol.h : warning C4819: 该文件包含不能在当前代码页(936)中表示的字符。请将该文件保存为 Unicode 格式以防止数据丢失 (编译源文件 x64\Debug\\moc\moc_AutoAdjust.cpp)
d:\project\cpluscode\adjust_feature_match\adjust_feature_match\third\include\genicam\eventsubscribe.h : warning C4819: 该文件包含不能在当前代码页(936)中表示的字符。请将该文件保存为 Unicode 格式以防止数据丢失 (编译源文件 x64\Debug\\moc\moc_AutoAdjust.cpp)
AutoAdjust.obj : error LNK2019: 无法解析的外部符号 "public: static void __cdecl Dahua::Infra::CAllocator::dealocate(void *,unsigned __int64)" (?dealocate@CAllocator@Infra@Dahua@@SAXPEAX_K@Z)，该符号在函数 "public: void __cdecl Dahua::Infra::TVector<class Dahua::Memory::TSharedPtr<class Dahua::GenICam::ICamera> >::destroy(void)" (?destroy@?$TVector@V?$TSharedPtr@VICamera@GenICam@Dahua@@@Memory@Dahua@@@Infra@Dahua@@QEAAXXZ) 中被引用
AutoAdjust.obj : error LNK2019: 无法解析的外部符号 "public: static class Dahua::GenICam::CSystem & __cdecl Dahua::GenICam::CSystem::getInstance(void)" (?getInstance@CSystem@GenICam@Dahua@@SAAEAV123@XZ)，该符号在函数 "public: bool __cdecl AutoAdjust::TestSdkCamera(void)" (?TestSdkCamera@AutoAdjust@@QEAA_NXZ) 中被引用
SdkCamera.obj : error LNK2001: 无法解析的外部符号 "public: static class Dahua::GenICam::CSystem & __cdecl Dahua::GenICam::CSystem::getInstance(void)" (?getInstance@CSystem@GenICam@Dahua@@SAAEAV123@XZ)
AutoAdjust.obj : error LNK2019: 无法解析的外部符号 "public: bool __cdecl Dahua::GenICam::CSystem::discovery(class Dahua::Infra::TVector<class Dahua::Memory::TSharedPtr<class Dahua::GenICam::ICamera> > &,enum Dahua::GenICam::CSystem::EInterfaceType)" (?discovery@CSystem@GenICam@Dahua@@QEAA_NAEAV?$TVector@V?$TSharedPtr@VICamera@GenICam@Dahua@@@Memory@Dahua@@@Infra@3@W4EInterfaceType@123@@Z)，该符号在函数 "public: bool __cdecl AutoAdjust::TestSdkCamera(void)" (?TestSdkCamera@AutoAdjust@@QEAA_NXZ) 中被引用
SdkCamera.obj : error LNK2019: 无法解析的外部符号 "public: __cdecl Dahua::Memory::CBlock::CBlock(void)" (??0CBlock@Memory@Dahua@@QEAA@XZ)，该符号在函数 "public: __cdecl CFrameInfo::CFrameInfo(void)" (??0CFrameInfo@@QEAA@XZ) 中被引用
SdkCamera.obj : error LNK2019: 无法解析的外部符号 "public: __cdecl Dahua::Memory::CBlock::CBlock(class Dahua::Memory::CBlock const &)" (??0CBlock@Memory@Dahua@@QEAA@AEBV012@@Z)，该符号在函数 "public: __cdecl CFrameInfo::CFrameInfo(class CFrameInfo const &)" (??0CFrameInfo@@QEAA@AEBV0@@Z) 中被引用
SdkCamera.obj : error LNK2019: 无法解析的外部符号 "public: class Dahua::Memory::CBlock & __cdecl Dahua::Memory::CBlock::operator=(class Dahua::Memory::CBlock const &)" (??4CBlock@Memory@Dahua@@QEAAAEAV012@AEBV012@@Z)，该符号在函数 "public: class CFrameInfo & __cdecl CFrameInfo::operator=(class CFrameInfo const &)" (??4CFrameInfo@@QEAAAEAV0@AEBV0@@Z) 中被引用
SdkCamera.obj : error LNK2019: 无法解析的外部符号 "public: virtual __cdecl Dahua::Memory::CBlock::~CBlock(void)" (??1CBlock@Memory@Dahua@@UEAA@XZ)，该符号在函数 "public: virtual __cdecl CFrameInfo::~CFrameInfo(void)" (??1CFrameInfo@@UEAA@XZ) 中被引用
SdkCamera.obj : error LNK2019: 无法解析的外部符号 "public: __cdecl Dahua::Infra::CString::CString(char const *)" (??0CString@Infra@Dahua@@QEAA@PEBD@Z)，该符号在函数 "public: bool __cdecl SdkCamera::CameraChangeTrig(enum SdkCamera::ETrigType)" (?CameraChangeTrig@SdkCamera@@QEAA_NW4ETrigType@1@@Z) 中被引用
SdkCamera.obj : error LNK2019: 无法解析的外部符号 "public: __cdecl Dahua::Infra::CString::~CString(void)" (??1CString@Infra@Dahua@@QEAA@XZ)，该符号在函数 "public: bool __cdecl SdkCamera::CameraChangeTrig(enum SdkCamera::ETrigType)" (?CameraChangeTrig@SdkCamera@@QEAA_NW4ETrigType@1@@Z) 中被引用
SdkCamera.obj : error LNK2019: 无法解析的外部符号 "public: void const * __cdecl Dahua::GenICam::CFrame::getImage(void)const " (?getImage@CFrame@GenICam@Dahua@@QEBAPEBXXZ)，该符号在函数 "public: void __cdecl SdkCamera::FrameCallback(class Dahua::GenICam::CFrame const &)" (?FrameCallback@SdkCamera@@QEAAXAEBVCFrame@GenICam@Dahua@@@Z) 中被引用
SdkCamera.obj : error LNK2019: 无法解析的外部符号 "public: unsigned int __cdecl Dahua::GenICam::CFrame::getImageWidth(void)const " (?getImageWidth@CFrame@GenICam@Dahua@@QEBAIXZ)，该符号在函数 "public: void __cdecl SdkCamera::FrameCallback(class Dahua::GenICam::CFrame const &)" (?FrameCallback@SdkCamera@@QEAAXAEBVCFrame@GenICam@Dahua@@@Z) 中被引用
SdkCamera.obj : error LNK2019: 无法解析的外部符号 "public: unsigned int __cdecl Dahua::GenICam::CFrame::getImageHeight(void)const " (?getImageHeight@CFrame@GenICam@Dahua@@QEBAIXZ)，该符号在函数 "public: void __cdecl SdkCamera::FrameCallback(class Dahua::GenICam::CFrame const &)" (?FrameCallback@SdkCamera@@QEAAXAEBVCFrame@GenICam@Dahua@@@Z) 中被引用
SdkCamera.obj : error LNK2019: 无法解析的外部符号 "public: unsigned int __cdecl Dahua::GenICam::CFrame::getImageSize(void)const " (?getImageSize@CFrame@GenICam@Dahua@@QEBAIXZ)，该符号在函数 "public: void __cdecl SdkCamera::FrameCallback(class Dahua::GenICam::CFrame const &)" (?FrameCallback@SdkCamera@@QEAAXAEBVCFrame@GenICam@Dahua@@@Z) 中被引用
SdkCamera.obj : error LNK2019: 无法解析的外部符号 "public: enum Dahua::GenICam::EPixelType __cdecl Dahua::GenICam::CFrame::getImagePixelFormat(void)const " (?getImagePixelFormat@CFrame@GenICam@Dahua@@QEBA?AW4EPixelType@23@XZ)，该符号在函数 "public: void __cdecl SdkCamera::FrameCallback(class Dahua::GenICam::CFrame const &)" (?FrameCallback@SdkCamera@@QEAAXAEBVCFrame@GenICam@Dahua@@@Z) 中被引用
SdkCamera.obj : error LNK2019: 无法解析的外部符号 "public: unsigned __int64 __cdecl Dahua::GenICam::CFrame::getImageTimeStamp(void)const " (?getImageTimeStamp@CFrame@GenICam@Dahua@@QEBA_KXZ)，该符号在函数 "public: void __cdecl SdkCamera::FrameCallback(class Dahua::GenICam::CFrame const &)" (?FrameCallback@SdkCamera@@QEAAXAEBVCFrame@GenICam@Dahua@@@Z) 中被引用
SdkCamera.obj : error LNK2019: 无法解析的外部符号 "public: unsigned int __cdecl Dahua::GenICam::CFrame::getImagePadddingX(void)const " (?getImagePadddingX@CFrame@GenICam@Dahua@@QEBAIXZ)，该符号在函数 "public: void __cdecl SdkCamera::FrameCallback(class Dahua::GenICam::CFrame const &)" (?FrameCallback@SdkCamera@@QEAAXAEBVCFrame@GenICam@Dahua@@@Z) 中被引用
SdkCamera.obj : error LNK2019: 无法解析的外部符号 "public: unsigned int __cdecl Dahua::GenICam::CFrame::getImagePadddingY(void)const " (?getImagePadddingY@CFrame@GenICam@Dahua@@QEBAIXZ)，该符号在函数 "public: void __cdecl SdkCamera::FrameCallback(class Dahua::GenICam::CFrame const &)" (?FrameCallback@SdkCamera@@QEAAXAEBVCFrame@GenICam@Dahua@@@Z) 中被引用
SdkCamera.obj : error LNK2019: 无法解析的外部符号 "public: __cdecl Dahua::Infra::CMutex::CMutex(void)" (??0CMutex@Infra@Dahua@@QEAA@XZ)，该符号在函数 "public: __cdecl SdkCamera::SdkCamera(class QWidget *)" (??0SdkCamera@@QEAA@PEAVQWidget@@@Z) 中被引用
SdkCamera.obj : error LNK2019: 无法解析的外部符号 "public: __cdecl Dahua::Infra::CMutex::~CMutex(void)" (??1CMutex@Infra@Dahua@@QEAA@XZ)，该符号在函数 "public: virtual __cdecl SdkCamera::~SdkCamera(void)" (??1SdkCamera@@UEAA@XZ) 中被引用
SdkCamera.obj : error LNK2019: 无法解析的外部符号 "public: bool __cdecl Dahua::Infra::CMutex::enter(void)" (?enter@CMutex@Infra@Dahua@@QEAA_NXZ)，该符号在函数 "public: __cdecl Dahua::Infra::CGuard::CGuard(class Dahua::Infra::CMutex &)" (??0CGuard@Infra@Dahua@@QEAA@AEAVCMutex@12@@Z) 中被引用
SdkCamera.obj : error LNK2019: 无法解析的外部符号 "public: bool __cdecl Dahua::Infra::CMutex::leave(void)" (?leave@CMutex@Infra@Dahua@@QEAA_NXZ)，该符号在函数 "public: __cdecl Dahua::Infra::CGuard::~CGuard(void)" (??1CGuard@Infra@Dahua@@QEAA@XZ) 中被引用
SdkCamera.obj : error LNK2019: 无法解析的外部符号 "public: bool __cdecl Dahua::Infra::CThread::createThread(void)" (?createThread@CThread@Infra@Dahua@@QEAA_NXZ)，该符号在函数 "public: __cdecl SdkCamera::SdkCamera(class QWidget *)" (??0SdkCamera@@QEAA@PEAVQWidget@@@Z) 中被引用
SdkCamera.obj : error LNK2019: 无法解析的外部符号 "public: bool __cdecl Dahua::Infra::CThread::destroyThread(void)" (?destroyThread@CThread@Infra@Dahua@@QEAA_NXZ)，该符号在函数 "public: __cdecl SdkCamera::SdkCamera(class QWidget *)" (??0SdkCamera@@QEAA@PEAVQWidget@@@Z) 中被引用
SdkCamera.obj : error LNK2019: 无法解析的外部符号 "public: bool __cdecl Dahua::Infra::CThread::isThreadOver(void)" (?isThreadOver@CThread@Infra@Dahua@@QEAA_NXZ)，该符号在函数 "public: __cdecl SdkCamera::SdkCamera(class QWidget *)" (??0SdkCamera@@QEAA@PEAVQWidget@@@Z) 中被引用
SdkCamera.obj : error LNK2019: 无法解析的外部符号 "public: bool __cdecl Dahua::Infra::CThread::looping(void)const " (?looping@CThread@Infra@Dahua@@QEBA_NXZ)，该符号在函数 "public: void __cdecl SdkCamera::DisplayThreadProc(class Dahua::Infra::CThreadLite &)" (?DisplayThreadProc@SdkCamera@@QEAAXAEAVCThreadLite@Infra@Dahua@@@Z) 中被引用
SdkCamera.obj : error LNK2019: 无法解析的外部符号 "public: __cdecl Dahua::Infra::CThreadLite::CThreadLite(class Dahua::Infra::TFunction1<void,class Dahua::Infra::CThreadLite &>,char const *,int,int,int)" (??0CThreadLite@Infra@Dahua@@QEAA@V?$TFunction1@XAEAVCThreadLite@Infra@Dahua@@@12@PEBDHHH@Z)，该符号在函数 "public: __cdecl SdkCamera::SdkCamera(class QWidget *)" (??0SdkCamera@@QEAA@PEAVQWidget@@@Z) 中被引用
SdkCamera.obj : error LNK2019: 无法解析的外部符号 "public: virtual __cdecl Dahua::Infra::CThreadLite::~CThreadLite(void)" (??1CThreadLite@Infra@Dahua@@UEAA@XZ)，该符号在函数 "public: virtual __cdecl SdkCamera::~SdkCamera(void)" (??1SdkCamera@@UEAA@XZ) 中被引用
SdkCamera.obj : error LNK2019: 无法解析的外部符号 "public: bool __cdecl Dahua::GenICam::CNodeBase::isAvailable(void)const " (?isAvailable@CNodeBase@GenICam@Dahua@@QEBA_NXZ)，该符号在函数 "public: bool __cdecl SdkCamera::SetExposeTime(double)" (?SetExposeTime@SdkCamera@@QEAA_NN@Z) 中被引用
SdkCamera.obj : error LNK2019: 无法解析的外部符号 "public: bool __cdecl Dahua::GenICam::CNodeBase::isValid(void)const " (?isValid@CNodeBase@GenICam@Dahua@@QEBA_NXZ)，该符号在函数 "public: bool __cdecl SdkCamera::CameraChangeTrig(enum SdkCamera::ETrigType)" (?CameraChangeTrig@SdkCamera@@QEAA_NW4ETrigType@1@@Z) 中被引用
SdkCamera.obj : error LNK2019: 无法解析的外部符号 "public: __cdecl Dahua::GenICam::CDoubleNode::CDoubleNode(class Dahua::Memory::TSharedPtr<class Dahua::GenICam::ICamera> const &,char const *)" (??0CDoubleNode@GenICam@Dahua@@QEAA@AEBV?$TSharedPtr@VICamera@GenICam@Dahua@@@Memory@2@PEBD@Z)，该符号在函数 "public: bool __cdecl SdkCamera::SetExposeTime(double)" (?SetExposeTime@SdkCamera@@QEAA_NN@Z) 中被引用
SdkCamera.obj : error LNK2019: 无法解析的外部符号 "public: virtual __cdecl Dahua::GenICam::CDoubleNode::~CDoubleNode(void)" (??1CDoubleNode@GenICam@Dahua@@UEAA@XZ)，该符号在函数 "public: bool __cdecl SdkCamera::SetExposeTime(double)" (?SetExposeTime@SdkCamera@@QEAA_NN@Z) 中被引用
SdkCamera.obj : error LNK2019: 无法解析的外部符号 "public: bool __cdecl Dahua::GenICam::CDoubleNode::setValue(double)" (?setValue@CDoubleNode@GenICam@Dahua@@QEAA_NN@Z)，该符号在函数 "public: bool __cdecl SdkCamera::SetExposeTime(double)" (?SetExposeTime@SdkCamera@@QEAA_NN@Z) 中被引用
SdkCamera.obj : error LNK2019: 无法解析的外部符号 "public: __cdecl Dahua::GenICam::CEnumNode::CEnumNode(class Dahua::Memory::TSharedPtr<class Dahua::GenICam::ICamera> const &,char const *)" (??0CEnumNode@GenICam@Dahua@@QEAA@AEBV?$TSharedPtr@VICamera@GenICam@Dahua@@@Memory@2@PEBD@Z)，该符号在函数 "public: bool __cdecl SdkCamera::CameraChangeTrig(enum SdkCamera::ETrigType)" (?CameraChangeTrig@SdkCamera@@QEAA_NW4ETrigType@1@@Z) 中被引用
SdkCamera.obj : error LNK2019: 无法解析的外部符号 "public: virtual __cdecl Dahua::GenICam::CEnumNode::~CEnumNode(void)" (??1CEnumNode@GenICam@Dahua@@UEAA@XZ)，该符号在函数 "public: bool __cdecl SdkCamera::CameraChangeTrig(enum SdkCamera::ETrigType)" (?CameraChangeTrig@SdkCamera@@QEAA_NW4ETrigType@1@@Z) 中被引用
SdkCamera.obj : error LNK2019: 无法解析的外部符号 "public: bool __cdecl Dahua::GenICam::CEnumNode::setValueBySymbol(class Dahua::Infra::CString const &)" (?setValueBySymbol@CEnumNode@GenICam@Dahua@@QEAA_NAEBVCString@Infra@3@@Z)，该符号在函数 "public: bool __cdecl SdkCamera::CameraChangeTrig(enum SdkCamera::ETrigType)" (?CameraChangeTrig@SdkCamera@@QEAA_NW4ETrigType@1@@Z) 中被引用
SdkCamera.obj : error LNK2019: 无法解析的外部符号 "public: __cdecl Dahua::GenICam::CCmdNode::CCmdNode(class Dahua::Memory::TSharedPtr<class Dahua::GenICam::ICamera> const &,char const *)" (??0CCmdNode@GenICam@Dahua@@QEAA@AEBV?$TSharedPtr@VICamera@GenICam@Dahua@@@Memory@2@PEBD@Z)，该符号在函数 "public: bool __cdecl SdkCamera::ExecuteSoftTrig(void)" (?ExecuteSoftTrig@SdkCamera@@QEAA_NXZ) 中被引用
SdkCamera.obj : error LNK2019: 无法解析的外部符号 "public: virtual __cdecl Dahua::GenICam::CCmdNode::~CCmdNode(void)" (??1CCmdNode@GenICam@Dahua@@UEAA@XZ)，该符号在函数 "public: bool __cdecl SdkCamera::ExecuteSoftTrig(void)" (?ExecuteSoftTrig@SdkCamera@@QEAA_NXZ) 中被引用
SdkCamera.obj : error LNK2019: 无法解析的外部符号 "public: bool __cdecl Dahua::GenICam::CCmdNode::execute(void)" (?execute@CCmdNode@GenICam@Dahua@@QEAA_NXZ)，该符号在函数 "public: bool __cdecl SdkCamera::ExecuteSoftTrig(void)" (?ExecuteSoftTrig@SdkCamera@@QEAA_NXZ) 中被引用
SdkCamera.obj : error LNK2019: 无法解析的外部符号 "public: class Dahua::Memory::TSharedPtr<class Dahua::GenICam::ICamera> __cdecl Dahua::GenICam::CSystem::getCameraPtr(char const *)const " (?getCameraPtr@CSystem@GenICam@Dahua@@QEBA?AV?$TSharedPtr@VICamera@GenICam@Dahua@@@Memory@3@PEBD@Z)，该符号在函数 "public: void __cdecl SdkCamera::SetCemera(class QString const &)" (?SetCemera@SdkCamera@@QEAAXAEBVQString@@@Z) 中被引用
SdkCamera.obj : error LNK2019: 无法解析的外部符号 "public: class Dahua::Memory::TSharedPtr<class Dahua::GenICam::IStreamSource> __cdecl Dahua::GenICam::CSystem::createStreamSource(class Dahua::Memory::TSharedPtr<class Dahua::GenICam::ICamera> const &,unsigned short)" (?createStreamSource@CSystem@GenICam@Dahua@@QEAA?AV?$TSharedPtr@VIStreamSource@GenICam@Dahua@@@Memory@3@AEBV?$TSharedPtr@VICamera@GenICam@Dahua@@@53@G@Z)，该符号在函数 "public: bool __cdecl SdkCamera::CameraStart(void)" (?CameraStart@SdkCamera@@QEAA_NXZ) 中被引用
SdkCamera.obj : error LNK2019: 无法解析的外部符号 IMGCNV_ConvertToRGB24，该符号在函数 "public: void __cdecl SdkCamera::DisplayThreadProc(class Dahua::Infra::CThreadLite &)" (?DisplayThreadProc@SdkCamera@@QEAAXAEAVCThreadLite@Infra@Dahua@@@Z) 中被引用
SdkCamera.obj : error LNK2019: 无法解析的外部符号 "public: __cdecl Dahua::Infra::CSemaphore::CSemaphore(int)" (??0CSemaphore@Infra@Dahua@@QEAA@H@Z)，该符号在函数 "public: __cdecl TMessageQue<class CFrameInfo>::TMessageQue<class CFrameInfo>(void)" (??0?$TMessageQue@VCFrameInfo@@@@QEAA@XZ) 中被引用
SdkCamera.obj : error LNK2019: 无法解析的外部符号 "public: __cdecl Dahua::Infra::CSemaphore::~CSemaphore(void)" (??1CSemaphore@Infra@Dahua@@QEAA@XZ)，该符号在函数 "int `public: __cdecl TMessageQue<class CFrameInfo>::TMessageQue<class CFrameInfo>(void)'::`1'::dtor$0" (?dtor$0@?0???0?$TMessageQue@VCFrameInfo@@@@QEAA@XZ@4HA) 中被引用
SdkCamera.obj : error LNK2019: 无法解析的外部符号 "public: int __cdecl Dahua::Infra::CSemaphore::pend(void)" (?pend@CSemaphore@Infra@Dahua@@QEAAHXZ)，该符号在函数 "public: void __cdecl TMessageQue<class CFrameInfo>::get(class CFrameInfo &)" (?get@?$TMessageQue@VCFrameInfo@@@@QEAAXAEAVCFrameInfo@@@Z) 中被引用
SdkCamera.obj : error LNK2019: 无法解析的外部符号 "public: int __cdecl Dahua::Infra::CSemaphore::post(void)" (?post@CSemaphore@Infra@Dahua@@QEAAHXZ)，该符号在函数 "public: void __cdecl TMessageQue<class CFrameInfo>::push_back(class CFrameInfo const &)" (?push_back@?$TMessageQue@VCFrameInfo@@@@QEAAXAEBVCFrameInfo@@@Z) 中被引用
SdkCamera.obj : error LNK2019: 无法解析的外部符号 "public: int __cdecl Dahua::Infra::CSemaphore::pend(unsigned int)" (?pend@CSemaphore@Infra@Dahua@@QEAAHI@Z)，该符号在函数 "public: bool __cdecl TMessageQue<class CFrameInfo>::get(class CFrameInfo &,int)" (?get@?$TMessageQue@VCFrameInfo@@@@QEAA_NAEAVCFrameInfo@@H@Z) 中被引用
D:\Project\CplusCode\adjust_feature_match\x64\Debug\\adjust_feature_match.exe : fatal error LNK1120: 46 个无法解析的外部命令
