d:\project\cpluscode\adjust_feature_match\adjust_feature_match\x64\debug\uic\ui_autoadjust.h
d:\project\cpluscode\adjust_feature_match\adjust_feature_match\x64\debug\uic\ui_learnfeature.h
d:\project\cpluscode\adjust_feature_match\adjust_feature_match\x64\debug\rcc\qrc_autoadjust.cpp
d:\project\cpluscode\adjust_feature_match\adjust_feature_match\x64\debug\moc\moc_autoadjust.cpp
d:\project\cpluscode\adjust_feature_match\adjust_feature_match\x64\debug\moc\moc_learnfeature.cpp
d:\project\cpluscode\adjust_feature_match\adjust_feature_match\x64\debug\moc\moc_mydisplaylabel.cpp
d:\project\cpluscode\adjust_feature_match\adjust_feature_match\x64\debug\moc\moc_matchthread.cpp
d:\project\cpluscode\adjust_feature_match--4-14\adjust_feature_match\x64\debug\uic\ui_learnfeature.h
d:\project\cpluscode\adjust_feature_match--4-14\adjust_feature_match\x64\debug\rcc\qrc_autoadjust.cpp
d:\project\cpluscode\adjust_feature_match--4-14\adjust_feature_match\x64\debug\moc\moc_autoadjust.cpp
d:\project\cpluscode\adjust_feature_match\adjust_feature_match\x64\debug\moc_autoadjust.obj
d:\project\cpluscode\adjust_feature_match\adjust_feature_match\x64\debug\moc_learnfeature.obj
d:\project\cpluscode\adjust_feature_match\adjust_feature_match\x64\debug\qrc_autoadjust.obj
d:\project\cpluscode\adjust_feature_match\adjust_feature_match\x64\debug\vc141.pdb
d:\project\cpluscode\adjust_feature_match\adjust_feature_match\x64\debug\moc_mydisplaylabel.obj
d:\project\cpluscode\adjust_feature_match\adjust_feature_match\x64\debug\mydisplaylabel.obj
d:\project\cpluscode\adjust_feature_match\adjust_feature_match\x64\debug\learnfeature.obj
d:\project\cpluscode\adjust_feature_match\adjust_feature_match\x64\debug\main.obj
d:\project\cpluscode\adjust_feature_match\adjust_feature_match\x64\debug\autoadjust.obj
d:\project\cpluscode\adjust_feature_match\adjust_feature_match\x64\debug\matchthread.obj
d:\project\cpluscode\adjust_feature_match\adjust_feature_match\x64\debug\moc_matchthread.obj
d:\project\cpluscode\adjust_feature_match\x64\debug\adjust_feature_match.ilk
d:\project\cpluscode\adjust_feature_match\x64\debug\adjust_feature_match.exe
d:\project\cpluscode\adjust_feature_match\x64\debug\adjust_feature_match.pdb
d:\project\cpluscode\adjust_feature_match--4-14\adjust_feature_match\x64\debug\\moc\moc_autoadjust.cpp
d:\project\cpluscode\adjust_feature_match--4-14\adjust_feature_match\x64\debug\\rcc\qrc_autoadjust.cpp
d:\project\cpluscode\adjust_feature_match--4-14\adjust_feature_match\x64\debug\\uic\ui_learnfeature.h
d:\project\cpluscode\adjust_feature_match--4-14\adjust_feature_match\x64\debug\autoadjust.obj
d:\project\cpluscode\adjust_feature_match--4-14\adjust_feature_match\x64\debug\learnfeature.obj
d:\project\cpluscode\adjust_feature_match--4-14\adjust_feature_match\x64\debug\main.obj
d:\project\cpluscode\adjust_feature_match--4-14\adjust_feature_match\x64\debug\matchthread.obj
d:\project\cpluscode\adjust_feature_match--4-14\adjust_feature_match\x64\debug\moc_autoadjust.obj
d:\project\cpluscode\adjust_feature_match--4-14\adjust_feature_match\x64\debug\moc_learnfeature.obj
d:\project\cpluscode\adjust_feature_match--4-14\adjust_feature_match\x64\debug\moc_matchthread.obj
d:\project\cpluscode\adjust_feature_match--4-14\adjust_feature_match\x64\debug\moc_mydisplaylabel.obj
d:\project\cpluscode\adjust_feature_match--4-14\adjust_feature_match\x64\debug\mydisplaylabel.obj
d:\project\cpluscode\adjust_feature_match--4-14\adjust_feature_match\x64\debug\qrc_autoadjust.obj
d:\project\cpluscode\adjust_feature_match--4-14\adjust_feature_match\x64\debug\vc141.pdb
d:\project\cpluscode\adjust_feature_match--4-14\x64\debug\adjust_feature_match.pdb
d:\project\cpluscode\adjust_feature_match--4-14\x64\debug\adjust_feature_match.ilk
d:\project\cpluscode\adjust_feature_match--4-14\adjust_feature_match\x64\debug\adjust_f.5202f0a9.tlog\adjust_feature_match.write.1u.tlog
d:\project\cpluscode\adjust_feature_match--4-14\adjust_feature_match\x64\debug\adjust_f.5202f0a9.tlog\cl.command.1.tlog
d:\project\cpluscode\adjust_feature_match--4-14\adjust_feature_match\x64\debug\adjust_f.5202f0a9.tlog\cl.read.1.tlog
d:\project\cpluscode\adjust_feature_match--4-14\adjust_feature_match\x64\debug\adjust_f.5202f0a9.tlog\cl.write.1.tlog
d:\project\cpluscode\adjust_feature_match--4-14\adjust_feature_match\x64\debug\adjust_f.5202f0a9.tlog\link.command.1.tlog
d:\project\cpluscode\adjust_feature_match--4-14\adjust_feature_match\x64\debug\adjust_f.5202f0a9.tlog\link.read.1.tlog
d:\project\cpluscode\adjust_feature_match--4-14\adjust_feature_match\x64\debug\adjust_f.5202f0a9.tlog\link.write.1.tlog
d:\project\cpluscode\adjust_feature_match--4-14\adjust_feature_match\x64\debug\adjust_f.5202f0a9.tlog\moc.read.1u.tlog
d:\project\cpluscode\adjust_feature_match--4-14\adjust_feature_match\x64\debug\adjust_f.5202f0a9.tlog\moc.write.1u.tlog
d:\project\cpluscode\adjust_feature_match--4-14\adjust_feature_match\x64\debug\adjust_f.5202f0a9.tlog\rcc.read.1u.tlog
d:\project\cpluscode\adjust_feature_match--4-14\adjust_feature_match\x64\debug\adjust_f.5202f0a9.tlog\rcc.write.1u.tlog
d:\project\cpluscode\adjust_feature_match--4-14\adjust_feature_match\x64\debug\adjust_f.5202f0a9.tlog\uic.read.1u.tlog
d:\project\cpluscode\adjust_feature_match--4-14\adjust_feature_match\x64\debug\adjust_f.5202f0a9.tlog\uic.write.1u.tlog
