d:\project\cpluscode\adjust_feature_match--4-22\adjust_feature_match\x64\release\uic\ui_autoadjust.h
d:\project\cpluscode\adjust_feature_match--4-22\adjust_feature_match\x64\release\uic\ui_learnfeature.h
d:\project\cpluscode\adjust_feature_match--4-22\adjust_feature_match\x64\release\rcc\qrc_autoadjust.cpp
d:\project\cpluscode\adjust_feature_match--4-22\adjust_feature_match\x64\release\moc\moc_autoadjust.cpp
d:\project\cpluscode\adjust_feature_match--4-22\adjust_feature_match\x64\release\moc\moc_learnfeature.cpp
d:\project\cpluscode\adjust_feature_match--4-22\adjust_feature_match\x64\release\moc\moc_mydisplaylabel.cpp
d:\project\cpluscode\adjust_feature_match--4-22\adjust_feature_match\x64\release\moc\moc_matchthread.cpp
d:\project\cpluscode\adjust_feature_match--4-22\adjust_feature_match\x64\release\moc\moc_sdkcamera.cpp
d:\project\cpluscode\adjust_feature_match--4-22\adjust_feature_match\x64\release\moc_learnfeature.obj
d:\project\cpluscode\adjust_feature_match--4-22\adjust_feature_match\x64\release\moc_mydisplaylabel.obj
d:\project\cpluscode\adjust_feature_match--4-22\adjust_feature_match\x64\release\moc_sdkcamera.obj
d:\project\cpluscode\adjust_feature_match--4-22\adjust_feature_match\x64\release\moc_autoadjust.obj
d:\project\cpluscode\adjust_feature_match--4-22\adjust_feature_match\x64\release\qrc_autoadjust.obj
d:\project\cpluscode\adjust_feature_match--4-22\adjust_feature_match\x64\release\moc_matchthread.obj
d:\project\cpluscode\adjust_feature_match--4-22\adjust_feature_match\x64\release\main.obj
d:\project\cpluscode\adjust_feature_match--4-22\adjust_feature_match\x64\release\sdkcamera.obj
d:\project\cpluscode\adjust_feature_match--4-22\adjust_feature_match\x64\release\autoadjust.obj
d:\project\cpluscode\adjust_feature_match--4-22\adjust_feature_match\x64\release\learnfeature.obj
d:\project\cpluscode\adjust_feature_match--4-22\adjust_feature_match\x64\release\matchthread.obj
d:\project\cpluscode\adjust_feature_match--4-22\adjust_feature_match\x64\release\mydisplaylabel.obj
d:\project\cpluscode\adjust_feature_match--4-22\x64\release\adjust_feature_match.exe
d:\project\cpluscode\adjust_feature_match--4-22\adjust_feature_match\x64\release\\moc\moc_autoadjust.cpp
d:\project\cpluscode\adjust_feature_match--4-22\adjust_feature_match\x64\release\\moc\moc_learnfeature.cpp
d:\project\cpluscode\adjust_feature_match--4-22\adjust_feature_match\x64\release\\moc\moc_mydisplaylabel.cpp
d:\project\cpluscode\adjust_feature_match--4-22\adjust_feature_match\x64\release\\moc\moc_matchthread.cpp
d:\project\cpluscode\adjust_feature_match--4-22\adjust_feature_match\x64\release\\moc\moc_sdkcamera.cpp
d:\project\cpluscode\adjust_feature_match--4-22\adjust_feature_match\x64\release\disicon.res
d:\project\cpluscode\adjust_feature_match--4-22\adjust_feature_match\x64\release\\rcc\qrc_autoadjust.cpp
d:\project\cpluscode\adjust_feature_match--4-22\adjust_feature_match\x64\release\\uic\ui_autoadjust.h
d:\project\cpluscode\adjust_feature_match--4-22\adjust_feature_match\x64\release\\uic\ui_learnfeature.h
d:\project\cpluscode\adjust_feature_match--4-22\adjust_feature_match\x64\release\adjust_f.5202f0a9.tlog\adjust_feature_match.write.1u.tlog
d:\project\cpluscode\adjust_feature_match--4-22\adjust_feature_match\x64\release\adjust_f.5202f0a9.tlog\cl.command.1.tlog
d:\project\cpluscode\adjust_feature_match--4-22\adjust_feature_match\x64\release\adjust_f.5202f0a9.tlog\cl.read.1.tlog
d:\project\cpluscode\adjust_feature_match--4-22\adjust_feature_match\x64\release\adjust_f.5202f0a9.tlog\cl.write.1.tlog
d:\project\cpluscode\adjust_feature_match--4-22\adjust_feature_match\x64\release\adjust_f.5202f0a9.tlog\link.command.1.tlog
d:\project\cpluscode\adjust_feature_match--4-22\adjust_feature_match\x64\release\adjust_f.5202f0a9.tlog\link.read.1.tlog
d:\project\cpluscode\adjust_feature_match--4-22\adjust_feature_match\x64\release\adjust_f.5202f0a9.tlog\link.write.1.tlog
d:\project\cpluscode\adjust_feature_match--4-22\adjust_feature_match\x64\release\adjust_f.5202f0a9.tlog\moc.read.1u.tlog
d:\project\cpluscode\adjust_feature_match--4-22\adjust_feature_match\x64\release\adjust_f.5202f0a9.tlog\moc.write.1u.tlog
d:\project\cpluscode\adjust_feature_match--4-22\adjust_feature_match\x64\release\adjust_f.5202f0a9.tlog\rc.command.1.tlog
d:\project\cpluscode\adjust_feature_match--4-22\adjust_feature_match\x64\release\adjust_f.5202f0a9.tlog\rc.read.1.tlog
d:\project\cpluscode\adjust_feature_match--4-22\adjust_feature_match\x64\release\adjust_f.5202f0a9.tlog\rc.write.1.tlog
d:\project\cpluscode\adjust_feature_match--4-22\adjust_feature_match\x64\release\adjust_f.5202f0a9.tlog\rcc.read.1u.tlog
d:\project\cpluscode\adjust_feature_match--4-22\adjust_feature_match\x64\release\adjust_f.5202f0a9.tlog\rcc.write.1u.tlog
d:\project\cpluscode\adjust_feature_match--4-22\adjust_feature_match\x64\release\adjust_f.5202f0a9.tlog\uic.read.1u.tlog
d:\project\cpluscode\adjust_feature_match--4-22\adjust_feature_match\x64\release\adjust_f.5202f0a9.tlog\uic.write.1u.tlog
