  moc MatchThread.h
  AutoAdjust.cpp
  MatchThread.cpp
  main.cpp
d:\project\cpluscode\adjust_feature_match--4-22\adjust_feature_match\third\include\genicam\system.h : warning C4819: 该文件包含不能在当前代码页(936)中表示的字符。请将该文件保存为 Unicode 格式以防止数据丢失 (编译源文件 main.cpp)
d:\project\cpluscode\adjust_feature_match--4-22\adjust_feature_match\third\include\genicam\camera.h : warning C4819: 该文件包含不能在当前代码页(936)中表示的字符。请将该文件保存为 Unicode 格式以防止数据丢失 (编译源文件 main.cpp)
d:\project\cpluscode\adjust_feature_match--4-22\adjust_feature_match\third\include\genicam\frame.h : warning C4819: 该文件包含不能在当前代码页(936)中表示的字符。请将该文件保存为 Unicode 格式以防止数据丢失 (编译源文件 main.cpp)
d:\project\cpluscode\adjust_feature_match--4-22\adjust_feature_match\third\include\genicam\pixeltype.h : warning C4819: 该文件包含不能在当前代码页(936)中表示的字符。请将该文件保存为 Unicode 格式以防止数据丢失 (编译源文件 main.cpp)
d:\project\cpluscode\adjust_feature_match--4-22\adjust_feature_match\third\include\genicam\streamsource.h : warning C4819: 该文件包含不能在当前代码页(936)中表示的字符。请将该文件保存为 Unicode 格式以防止数据丢失 (编译源文件 main.cpp)
d:\project\cpluscode\adjust_feature_match--4-22\adjust_feature_match\third\include\genicam\parameternode.h : warning C4819: 该文件包含不能在当前代码页(936)中表示的字符。请将该文件保存为 Unicode 格式以防止数据丢失 (编译源文件 main.cpp)
d:\project\cpluscode\adjust_feature_match--4-22\adjust_feature_match\third\include\genicam\acquisitioncontrol.h : warning C4819: 该文件包含不能在当前代码页(936)中表示的字符。请将该文件保存为 Unicode 格式以防止数据丢失 (编译源文件 main.cpp)
d:\project\cpluscode\adjust_feature_match--4-22\adjust_feature_match\third\include\genicam\analogcontrol.h : warning C4819: 该文件包含不能在当前代码页(936)中表示的字符。请将该文件保存为 Unicode 格式以防止数据丢失 (编译源文件 main.cpp)
d:\project\cpluscode\adjust_feature_match--4-22\adjust_feature_match\third\include\genicam\imageformatcontrol.h : warning C4819: 该文件包含不能在当前代码页(936)中表示的字符。请将该文件保存为 Unicode 格式以防止数据丢失 (编译源文件 main.cpp)
d:\project\cpluscode\adjust_feature_match--4-22\adjust_feature_match\third\include\genicam\ispcontrol.h : warning C4819: 该文件包含不能在当前代码页(936)中表示的字符。请将该文件保存为 Unicode 格式以防止数据丢失 (编译源文件 main.cpp)
d:\project\cpluscode\adjust_feature_match--4-22\adjust_feature_match\third\include\genicam\usersetcontrol.h : warning C4819: 该文件包含不能在当前代码页(936)中表示的字符。请将该文件保存为 Unicode 格式以防止数据丢失 (编译源文件 main.cpp)
d:\project\cpluscode\adjust_feature_match--4-22\adjust_feature_match\third\include\genicam\devicecontrol.h : warning C4819: 该文件包含不能在当前代码页(936)中表示的字符。请将该文件保存为 Unicode 格式以防止数据丢失 (编译源文件 main.cpp)
d:\project\cpluscode\adjust_feature_match--4-22\adjust_feature_match\third\include\genicam\transportlayercontrol.h : warning C4819: 该文件包含不能在当前代码页(936)中表示的字符。请将该文件保存为 Unicode 格式以防止数据丢失 (编译源文件 main.cpp)
d:\project\cpluscode\adjust_feature_match--4-22\adjust_feature_match\third\include\genicam\digitaliocontrol.h : warning C4819: 该文件包含不能在当前代码页(936)中表示的字符。请将该文件保存为 Unicode 格式以防止数据丢失 (编译源文件 main.cpp)
d:\project\cpluscode\adjust_feature_match--4-22\adjust_feature_match\third\include\genicam\eventsubscribe.h : warning C4819: 该文件包含不能在当前代码页(936)中表示的字符。请将该文件保存为 Unicode 格式以防止数据丢失 (编译源文件 main.cpp)
d:\project\cpluscode\adjust_feature_match--4-22\adjust_feature_match\third\include\genicam\system.h : warning C4819: 该文件包含不能在当前代码页(936)中表示的字符。请将该文件保存为 Unicode 格式以防止数据丢失 (编译源文件 AutoAdjust.cpp)
d:\project\cpluscode\adjust_feature_match--4-22\adjust_feature_match\third\include\genicam\camera.h : warning C4819: 该文件包含不能在当前代码页(936)中表示的字符。请将该文件保存为 Unicode 格式以防止数据丢失 (编译源文件 AutoAdjust.cpp)
d:\project\cpluscode\adjust_feature_match--4-22\adjust_feature_match\third\include\genicam\frame.h : warning C4819: 该文件包含不能在当前代码页(936)中表示的字符。请将该文件保存为 Unicode 格式以防止数据丢失 (编译源文件 AutoAdjust.cpp)
d:\project\cpluscode\adjust_feature_match--4-22\adjust_feature_match\third\include\genicam\pixeltype.h : warning C4819: 该文件包含不能在当前代码页(936)中表示的字符。请将该文件保存为 Unicode 格式以防止数据丢失 (编译源文件 AutoAdjust.cpp)
d:\project\cpluscode\adjust_feature_match--4-22\adjust_feature_match\third\include\genicam\streamsource.h : warning C4819: 该文件包含不能在当前代码页(936)中表示的字符。请将该文件保存为 Unicode 格式以防止数据丢失 (编译源文件 AutoAdjust.cpp)
d:\project\cpluscode\adjust_feature_match--4-22\adjust_feature_match\third\include\genicam\parameternode.h : warning C4819: 该文件包含不能在当前代码页(936)中表示的字符。请将该文件保存为 Unicode 格式以防止数据丢失 (编译源文件 AutoAdjust.cpp)
d:\project\cpluscode\adjust_feature_match--4-22\adjust_feature_match\third\include\genicam\acquisitioncontrol.h : warning C4819: 该文件包含不能在当前代码页(936)中表示的字符。请将该文件保存为 Unicode 格式以防止数据丢失 (编译源文件 AutoAdjust.cpp)
d:\project\cpluscode\adjust_feature_match--4-22\adjust_feature_match\third\include\genicam\analogcontrol.h : warning C4819: 该文件包含不能在当前代码页(936)中表示的字符。请将该文件保存为 Unicode 格式以防止数据丢失 (编译源文件 AutoAdjust.cpp)
d:\project\cpluscode\adjust_feature_match--4-22\adjust_feature_match\third\include\genicam\imageformatcontrol.h : warning C4819: 该文件包含不能在当前代码页(936)中表示的字符。请将该文件保存为 Unicode 格式以防止数据丢失 (编译源文件 AutoAdjust.cpp)
d:\project\cpluscode\adjust_feature_match--4-22\adjust_feature_match\third\include\genicam\ispcontrol.h : warning C4819: 该文件包含不能在当前代码页(936)中表示的字符。请将该文件保存为 Unicode 格式以防止数据丢失 (编译源文件 AutoAdjust.cpp)
d:\project\cpluscode\adjust_feature_match--4-22\adjust_feature_match\third\include\genicam\usersetcontrol.h : warning C4819: 该文件包含不能在当前代码页(936)中表示的字符。请将该文件保存为 Unicode 格式以防止数据丢失 (编译源文件 AutoAdjust.cpp)
d:\project\cpluscode\adjust_feature_match--4-22\adjust_feature_match\third\include\genicam\devicecontrol.h : warning C4819: 该文件包含不能在当前代码页(936)中表示的字符。请将该文件保存为 Unicode 格式以防止数据丢失 (编译源文件 AutoAdjust.cpp)
d:\project\cpluscode\adjust_feature_match--4-22\adjust_feature_match\third\include\genicam\transportlayercontrol.h : warning C4819: 该文件包含不能在当前代码页(936)中表示的字符。请将该文件保存为 Unicode 格式以防止数据丢失 (编译源文件 AutoAdjust.cpp)
d:\project\cpluscode\adjust_feature_match--4-22\adjust_feature_match\third\include\genicam\digitaliocontrol.h : warning C4819: 该文件包含不能在当前代码页(936)中表示的字符。请将该文件保存为 Unicode 格式以防止数据丢失 (编译源文件 AutoAdjust.cpp)
d:\project\cpluscode\adjust_feature_match--4-22\adjust_feature_match\third\include\genicam\eventsubscribe.h : warning C4819: 该文件包含不能在当前代码页(936)中表示的字符。请将该文件保存为 Unicode 格式以防止数据丢失 (编译源文件 AutoAdjust.cpp)
d:\project\cpluscode\adjust_feature_match--4-22\adjust_feature_match\autoadjust.cpp(168): warning C4715: “<lambda_493bdedc7537bfe4ef8e42074ed5c614>::operator()”: 不是所有的控件路径都返回值
  moc_AutoAdjust.cpp
  moc_MatchThread.cpp
d:\project\cpluscode\adjust_feature_match--4-22\adjust_feature_match\third\include\genicam\system.h : warning C4819: 该文件包含不能在当前代码页(936)中表示的字符。请将该文件保存为 Unicode 格式以防止数据丢失 (编译源文件 x64\Release\\moc\moc_AutoAdjust.cpp)
d:\project\cpluscode\adjust_feature_match--4-22\adjust_feature_match\third\include\genicam\camera.h : warning C4819: 该文件包含不能在当前代码页(936)中表示的字符。请将该文件保存为 Unicode 格式以防止数据丢失 (编译源文件 x64\Release\\moc\moc_AutoAdjust.cpp)
d:\project\cpluscode\adjust_feature_match--4-22\adjust_feature_match\third\include\genicam\frame.h : warning C4819: 该文件包含不能在当前代码页(936)中表示的字符。请将该文件保存为 Unicode 格式以防止数据丢失 (编译源文件 x64\Release\\moc\moc_AutoAdjust.cpp)
d:\project\cpluscode\adjust_feature_match--4-22\adjust_feature_match\third\include\genicam\pixeltype.h : warning C4819: 该文件包含不能在当前代码页(936)中表示的字符。请将该文件保存为 Unicode 格式以防止数据丢失 (编译源文件 x64\Release\\moc\moc_AutoAdjust.cpp)
d:\project\cpluscode\adjust_feature_match--4-22\adjust_feature_match\third\include\genicam\streamsource.h : warning C4819: 该文件包含不能在当前代码页(936)中表示的字符。请将该文件保存为 Unicode 格式以防止数据丢失 (编译源文件 x64\Release\\moc\moc_AutoAdjust.cpp)
d:\project\cpluscode\adjust_feature_match--4-22\adjust_feature_match\third\include\genicam\parameternode.h : warning C4819: 该文件包含不能在当前代码页(936)中表示的字符。请将该文件保存为 Unicode 格式以防止数据丢失 (编译源文件 x64\Release\\moc\moc_AutoAdjust.cpp)
d:\project\cpluscode\adjust_feature_match--4-22\adjust_feature_match\third\include\genicam\acquisitioncontrol.h : warning C4819: 该文件包含不能在当前代码页(936)中表示的字符。请将该文件保存为 Unicode 格式以防止数据丢失 (编译源文件 x64\Release\\moc\moc_AutoAdjust.cpp)
d:\project\cpluscode\adjust_feature_match--4-22\adjust_feature_match\third\include\genicam\analogcontrol.h : warning C4819: 该文件包含不能在当前代码页(936)中表示的字符。请将该文件保存为 Unicode 格式以防止数据丢失 (编译源文件 x64\Release\\moc\moc_AutoAdjust.cpp)
d:\project\cpluscode\adjust_feature_match--4-22\adjust_feature_match\third\include\genicam\imageformatcontrol.h : warning C4819: 该文件包含不能在当前代码页(936)中表示的字符。请将该文件保存为 Unicode 格式以防止数据丢失 (编译源文件 x64\Release\\moc\moc_AutoAdjust.cpp)
d:\project\cpluscode\adjust_feature_match--4-22\adjust_feature_match\third\include\genicam\ispcontrol.h : warning C4819: 该文件包含不能在当前代码页(936)中表示的字符。请将该文件保存为 Unicode 格式以防止数据丢失 (编译源文件 x64\Release\\moc\moc_AutoAdjust.cpp)
d:\project\cpluscode\adjust_feature_match--4-22\adjust_feature_match\third\include\genicam\usersetcontrol.h : warning C4819: 该文件包含不能在当前代码页(936)中表示的字符。请将该文件保存为 Unicode 格式以防止数据丢失 (编译源文件 x64\Release\\moc\moc_AutoAdjust.cpp)
d:\project\cpluscode\adjust_feature_match--4-22\adjust_feature_match\third\include\genicam\devicecontrol.h : warning C4819: 该文件包含不能在当前代码页(936)中表示的字符。请将该文件保存为 Unicode 格式以防止数据丢失 (编译源文件 x64\Release\\moc\moc_AutoAdjust.cpp)
d:\project\cpluscode\adjust_feature_match--4-22\adjust_feature_match\third\include\genicam\transportlayercontrol.h : warning C4819: 该文件包含不能在当前代码页(936)中表示的字符。请将该文件保存为 Unicode 格式以防止数据丢失 (编译源文件 x64\Release\\moc\moc_AutoAdjust.cpp)
d:\project\cpluscode\adjust_feature_match--4-22\adjust_feature_match\third\include\genicam\digitaliocontrol.h : warning C4819: 该文件包含不能在当前代码页(936)中表示的字符。请将该文件保存为 Unicode 格式以防止数据丢失 (编译源文件 x64\Release\\moc\moc_AutoAdjust.cpp)
d:\project\cpluscode\adjust_feature_match--4-22\adjust_feature_match\third\include\genicam\eventsubscribe.h : warning C4819: 该文件包含不能在当前代码页(936)中表示的字符。请将该文件保存为 Unicode 格式以防止数据丢失 (编译源文件 x64\Release\\moc\moc_AutoAdjust.cpp)
  adjust_feature_match.vcxproj -> D:\Project\CplusCode\adjust_feature_match--4-22\x64\Release\adjust_feature_match.exe
